\BOOKMARK [0][-]{chapter.1}{Resumen}{}% 1
\BOOKMARK [0][-]{chapter.2}{Objetivos}{}% 2
\BOOKMARK [0][-]{chapter.3}{Informaci\363n}{}% 3
\BOOKMARK [1][-]{section.3.1}{Antecedentes}{chapter.3}% 4
\BOOKMARK [1][-]{section.3.2}{Problemas encontrados y resueltos en TALFi}{chapter.3}% 5
\BOOKMARK [2][-]{subsection.3.2.1}{Minimizaci\363n}{section.3.2}% 6
\BOOKMARK [2][-]{subsection.3.2.2}{Intento de reconocimiento de palabras simulando la ejecuci\363n de un Aut\363mata de Pila}{section.3.2}% 7
\BOOKMARK [1][-]{section.3.3}{Introducci\363n a la ampliaci\363n de la aplicaci\363n}{chapter.3}% 8
\BOOKMARK [1][-]{section.3.4}{Conceptos te\363ricos de la ampliaci\363n}{chapter.3}% 9
\BOOKMARK [2][-]{subsection.3.4.1}{Aut\363mata de Pila}{section.3.4}% 10
\BOOKMARK [2][-]{subsection.3.4.2}{Gram\341tica Independiente de Contexto}{section.3.4}% 11
\BOOKMARK [2][-]{subsection.3.4.3}{Lenguaje Independiente de Contexto}{section.3.4}% 12
\BOOKMARK [2][-]{subsection.3.4.4}{M\341quina de Turing}{section.3.4}% 13
\BOOKMARK [2][-]{subsection.3.4.5}{Algoritmo CYK}{section.3.4}% 14
\BOOKMARK [1][-]{section.3.5}{Lenguaje generado por un AP}{chapter.3}% 15
\BOOKMARK [2][-]{subsection.3.5.1}{Pasos de simplificac\355on antes y despu\351s de realizar transformaciones FNC o FNG}{section.3.5}% 16
\BOOKMARK [2][-]{subsection.3.5.2}{Algoritmo de paso de AP \040Gram\341tica}{section.3.5}% 17
\BOOKMARK [2][-]{subsection.3.5.3}{Algoritmo de simplificaci\363n Gram\341tica Independiente del Contexto a Gram\341tica de Greibach}{section.3.5}% 18
\BOOKMARK [2][-]{subsection.3.5.4}{Algoritmo de simplificaci\363n Gram\341tica Independiente de Contexto a Gram\341tica de Chomsky}{section.3.5}% 19
\BOOKMARK [2][-]{subsection.3.5.5}{Generaci\363n aleatoria de palabras}{section.3.5}% 20
\BOOKMARK [2][-]{subsection.3.5.6}{Palabras reconocidas por un aut\363mata de pila}{section.3.5}% 21
\BOOKMARK [1][-]{section.3.6}{M\341quinas de Turing}{chapter.3}% 22
\BOOKMARK [2][-]{subsection.3.6.1}{Nociones preliminares}{section.3.6}% 23
\BOOKMARK [2][-]{subsection.3.6.2}{Algoritmo de reconocimiento}{section.3.6}% 24
\BOOKMARK [2][-]{subsection.3.6.3}{Ampliaciones y problemas}{section.3.6}% 25
\BOOKMARK [1][-]{section.3.7}{Ejercicios}{chapter.3}% 26
\BOOKMARK [2][-]{subsection.3.7.1}{Cambios en la interfaz gr\341fica e implementaci\363n interna para ejercicios de Aut\363matas de Pila y M\341quinas de Turing}{section.3.7}% 27
\BOOKMARK [1][-]{section.3.8}{Cambios destacables en TALFi 2.0}{chapter.3}% 28
\BOOKMARK [2][-]{subsection.3.8.1}{Interfaz gr\341fica}{section.3.8}% 29
\BOOKMARK [2][-]{subsection.3.8.2}{Implementaci\363n}{section.3.8}% 30
\BOOKMARK [0][-]{chapter.4}{Entorno LaTeX}{}% 31
\BOOKMARK [1][-]{section.4.1}{LaTeX}{chapter.4}% 32
\BOOKMARK [2][-]{subsection.4.1.1}{Introducc\363n a LaTeX}{section.4.1}% 33
\BOOKMARK [2][-]{subsection.4.1.2}{Descripci\363n:}{section.4.1}% 34
\BOOKMARK [1][-]{section.4.2}{Uso}{chapter.4}% 35
\BOOKMARK [2][-]{subsection.4.2.1}{Uso de LaTeXen la herramienta TALFi}{section.4.2}% 36
\BOOKMARK [1][-]{section.4.3}{LatexCodeConverter}{chapter.4}% 37
\BOOKMARK [1][-]{section.4.4}{TraductorHTML}{chapter.4}% 38
\BOOKMARK [1][-]{section.4.5}{Entornos LaTeX utilizados}{chapter.4}% 39
\BOOKMARK [0][-]{chapter.5}{Anexos}{}% 40
\BOOKMARK [1][-]{section.5.1}{Ampliaci\363n del Manual de Usuario}{chapter.5}% 41
\BOOKMARK [1][-]{section.5.2}{Cambios en la implementaci\363n}{chapter.5}% 42
\BOOKMARK [1][-]{section.5.3}{Cambios en la interfaz gr\341fica}{chapter.5}% 43
