\BOOKMARK [0][-]{chapter.1}{Resumen}{}% 1
\BOOKMARK [1][-]{section.1.1}{TALFi \(Versi\363n en castellano\)}{chapter.1}% 2
\BOOKMARK [1][-]{section.1.2}{TALFi \(English version\)}{chapter.1}% 3
\BOOKMARK [0][-]{chapter.2}{Objetivos}{}% 4
\BOOKMARK [0][-]{chapter.3}{Informaci\363n}{}% 5
\BOOKMARK [1][-]{section.3.1}{Antecedentes}{chapter.3}% 6
\BOOKMARK [1][-]{section.3.2}{Problemas encontrados y resueltos en TALFi 1.0}{chapter.3}% 7
\BOOKMARK [2][-]{subsection.3.2.1}{Minimizaci\363n}{section.3.2}% 8
\BOOKMARK [2][-]{subsection.3.2.2}{Palabras reconocidas por un aut\363mata de pila}{section.3.2}% 9
\BOOKMARK [1][-]{section.3.3}{Introducci\363n a la ampliaci\363n de la aplicaci\363n}{chapter.3}% 10
\BOOKMARK [1][-]{section.3.4}{Conceptos te\363ricos de la ampliaci\363n}{chapter.3}% 11
\BOOKMARK [2][-]{subsection.3.4.1}{Lenguaje Independiente de Contexto}{section.3.4}% 12
\BOOKMARK [2][-]{subsection.3.4.2}{Aut\363mata de Pila}{section.3.4}% 13
\BOOKMARK [2][-]{subsection.3.4.3}{Gram\341tica Libre de Contexto}{section.3.4}% 14
\BOOKMARK [2][-]{subsection.3.4.4}{M\341quina de Turing}{section.3.4}% 15
\BOOKMARK [1][-]{section.3.5}{Lenguaje generado por un AP}{chapter.3}% 16
\BOOKMARK [2][-]{subsection.3.5.1}{Algoritmo de paso de AP \040Gram\341tica}{section.3.5}% 17
\BOOKMARK [2][-]{subsection.3.5.2}{Algoritmo de simplificaci\363n Gram\341tica tipo 2 a Gram\341tica de Greibach}{section.3.5}% 18
\BOOKMARK [2][-]{subsection.3.5.3}{Algoritmo de simplificaci\363n de gram\341tica de tipo 2 a gram\341tica de Chomsky}{section.3.5}% 19
\BOOKMARK [2][-]{subsection.3.5.4}{Generaci\363n aleatoria de palabras}{section.3.5}% 20
\BOOKMARK [1][-]{section.3.6}{M\341quinas de Turing}{chapter.3}% 21
\BOOKMARK [2][-]{subsection.3.6.1}{Nociones preliminares}{section.3.6}% 22
\BOOKMARK [2][-]{subsection.3.6.2}{Algoritmo de reconocimiento}{section.3.6}% 23
\BOOKMARK [2][-]{subsection.3.6.3}{Ampliaciones y problemas}{section.3.6}% 24
\BOOKMARK [1][-]{section.3.7}{Ejercicios}{chapter.3}% 25
\BOOKMARK [2][-]{subsection.3.7.1}{Cambios en la interfaz gr\341fica e implementaci\363n interna para ejercicios de Aut\363matas de Pila y M\341quinas de Turing}{section.3.7}% 26
\BOOKMARK [0][-]{chapter.4}{Anexos}{}% 27
\BOOKMARK [1][-]{section.4.1}{LaTeX}{chapter.4}% 28
\BOOKMARK [2][-]{subsection.4.1.1}{Introducc\363n a LaTeX}{section.4.1}% 29
\BOOKMARK [2][-]{subsection.4.1.2}{Descripci\363n:}{section.4.1}% 30
\BOOKMARK [2][-]{subsection.4.1.3}{Uso}{section.4.1}% 31
\BOOKMARK [2][-]{subsection.4.1.4}{Uso de LaTeXen la herramienta TALFi}{section.4.1}% 32
\BOOKMARK [2][-]{subsection.4.1.5}{LatexCodeConverter}{section.4.1}% 33
\BOOKMARK [2][-]{subsection.4.1.6}{TraductorHTML}{section.4.1}% 34
\BOOKMARK [2][-]{subsection.4.1.7}{Entornos LaTeX utilizados}{section.4.1}% 35
\BOOKMARK [1][-]{section.4.2}{Ampliaci\363n del Manual de Usuario}{chapter.4}% 36
\BOOKMARK [1][-]{section.4.3}{Cambios en la implementaci\363n}{chapter.4}% 37
\BOOKMARK [1][-]{section.4.4}{Cambios en la interfaz gr\341fica}{chapter.4}% 38
